<?xml version="1.0" encoding="UTF-8"?>
<testsuite xmlns:xsi="http://www.w3.org/2001/XMLSchema-instance" xsi:noNamespaceSchemaLocation="https://maven.apache.org/surefire/maven-surefire-plugin/xsd/surefire-test-report.xsd" name="com.lightning.portal.PortalApplicationTests" time="7.928" tests="1" errors="0" skipped="0" failures="0">
  <properties>
    <property name="sun.desktop" value="windows"/>
    <property name="awt.toolkit" value="sun.awt.windows.WToolkit"/>
    <property name="file.encoding.pkg" value="sun.io"/>
    <property name="java.specification.version" value="1.8"/>
    <property name="sun.cpu.isalist" value="amd64"/>
    <property name="sun.jnu.encoding" value="GBK"/>
    <property name="java.class.path" value="F:\github\lightningpan\so-order\portal\target\test-classes;F:\github\lightningpan\so-order\portal\target\classes;E:\respository\commons-io\commons-io\2.6\commons-io-2.6.jar;E:\respository\com\alibaba\druid-spring-boot-starter\1.1.17\druid-spring-boot-starter-1.1.17.jar;E:\respository\com\alibaba\druid\1.1.17\druid-1.1.17.jar;E:\respository\org\slf4j\slf4j-api\1.7.30\slf4j-api-1.7.30.jar;E:\respository\org\springframework\boot\spring-boot-autoconfigure\2.3.4.RELEASE\spring-boot-autoconfigure-2.3.4.RELEASE.jar;E:\respository\org\projectlombok\lombok\1.18.12\lombok-1.18.12.jar;E:\respository\org\springframework\boot\spring-boot-starter-amqp\2.3.4.RELEASE\spring-boot-starter-amqp-2.3.4.RELEASE.jar;E:\respository\org\springframework\boot\spring-boot-starter\2.3.4.RELEASE\spring-boot-starter-2.3.4.RELEASE.jar;E:\respository\org\springframework\boot\spring-boot-starter-logging\2.3.4.RELEASE\spring-boot-starter-logging-2.3.4.RELEASE.jar;E:\respository\ch\qos\logback\logback-classic\1.2.3\logback-classic-1.2.3.jar;E:\respository\ch\qos\logback\logback-core\1.2.3\logback-core-1.2.3.jar;E:\respository\org\apache\logging\log4j\log4j-to-slf4j\2.13.3\log4j-to-slf4j-2.13.3.jar;E:\respository\org\apache\logging\log4j\log4j-api\2.13.3\log4j-api-2.13.3.jar;E:\respository\org\slf4j\jul-to-slf4j\1.7.30\jul-to-slf4j-1.7.30.jar;E:\respository\jakarta\annotation\jakarta.annotation-api\1.3.5\jakarta.annotation-api-1.3.5.jar;E:\respository\org\yaml\snakeyaml\1.26\snakeyaml-1.26.jar;E:\respository\org\springframework\spring-messaging\5.2.9.RELEASE\spring-messaging-5.2.9.RELEASE.jar;E:\respository\org\springframework\spring-beans\5.2.9.RELEASE\spring-beans-5.2.9.RELEASE.jar;E:\respository\org\springframework\amqp\spring-rabbit\2.2.11.RELEASE\spring-rabbit-2.2.11.RELEASE.jar;E:\respository\com\rabbitmq\amqp-client\5.9.0\amqp-client-5.9.0.jar;E:\respository\org\springframework\amqp\spring-amqp\2.2.11.RELEASE\spring-amqp-2.2.11.RELEASE.jar;E:\respository\org\springframework\retry\spring-retry\1.2.5.RELEASE\spring-retry-1.2.5.RELEASE.jar;E:\respository\org\springframework\spring-context\5.2.9.RELEASE\spring-context-5.2.9.RELEASE.jar;E:\respository\org\springframework\spring-tx\5.2.9.RELEASE\spring-tx-5.2.9.RELEASE.jar;E:\respository\org\springframework\boot\spring-boot-starter-data-redis\2.3.4.RELEASE\spring-boot-starter-data-redis-2.3.4.RELEASE.jar;E:\respository\org\springframework\data\spring-data-redis\2.3.4.RELEASE\spring-data-redis-2.3.4.RELEASE.jar;E:\respository\org\springframework\data\spring-data-keyvalue\2.3.4.RELEASE\spring-data-keyvalue-2.3.4.RELEASE.jar;E:\respository\org\springframework\data\spring-data-commons\2.3.4.RELEASE\spring-data-commons-2.3.4.RELEASE.jar;E:\respository\org\springframework\spring-oxm\5.2.9.RELEASE\spring-oxm-5.2.9.RELEASE.jar;E:\respository\org\springframework\spring-aop\5.2.9.RELEASE\spring-aop-5.2.9.RELEASE.jar;E:\respository\org\springframework\spring-context-support\5.2.9.RELEASE\spring-context-support-5.2.9.RELEASE.jar;E:\respository\io\lettuce\lettuce-core\5.3.4.RELEASE\lettuce-core-5.3.4.RELEASE.jar;E:\respository\io\netty\netty-common\4.1.52.Final\netty-common-4.1.52.Final.jar;E:\respository\io\netty\netty-handler\4.1.52.Final\netty-handler-4.1.52.Final.jar;E:\respository\io\netty\netty-resolver\4.1.52.Final\netty-resolver-4.1.52.Final.jar;E:\respository\io\netty\netty-buffer\4.1.52.Final\netty-buffer-4.1.52.Final.jar;E:\respository\io\netty\netty-codec\4.1.52.Final\netty-codec-4.1.52.Final.jar;E:\respository\io\netty\netty-transport\4.1.52.Final\netty-transport-4.1.52.Final.jar;E:\respository\io\projectreactor\reactor-core\3.3.10.RELEASE\reactor-core-3.3.10.RELEASE.jar;E:\respository\org\reactivestreams\reactive-streams\1.0.3\reactive-streams-1.0.3.jar;E:\respository\com\baomidou\mybatis-plus-boot-starter\3.4.2\mybatis-plus-boot-starter-3.4.2.jar;E:\respository\com\baomidou\mybatis-plus\3.4.2\mybatis-plus-3.4.2.jar;E:\respository\com\baomidou\mybatis-plus-extension\3.4.2\mybatis-plus-extension-3.4.2.jar;E:\respository\com\baomidou\mybatis-plus-core\3.4.2\mybatis-plus-core-3.4.2.jar;E:\respository\com\baomidou\mybatis-plus-annotation\3.4.2\mybatis-plus-annotation-3.4.2.jar;E:\respository\com\github\jsqlparser\jsqlparser\4.0\jsqlparser-4.0.jar;E:\respository\org\mybatis\mybatis\3.5.6\mybatis-3.5.6.jar;E:\respository\org\mybatis\mybatis-spring\2.0.5\mybatis-spring-2.0.5.jar;E:\respository\org\springframework\boot\spring-boot-starter-jdbc\2.3.4.RELEASE\spring-boot-starter-jdbc-2.3.4.RELEASE.jar;E:\respository\com\zaxxer\HikariCP\3.4.5\HikariCP-3.4.5.jar;E:\respository\org\springframework\spring-jdbc\5.2.9.RELEASE\spring-jdbc-5.2.9.RELEASE.jar;E:\respository\mysql\mysql-connector-java\8.0.21\mysql-connector-java-8.0.21.jar;E:\respository\org\springframework\boot\spring-boot-starter-web\2.3.4.RELEASE\spring-boot-starter-web-2.3.4.RELEASE.jar;E:\respository\org\springframework\boot\spring-boot-starter-json\2.3.4.RELEASE\spring-boot-starter-json-2.3.4.RELEASE.jar;E:\respository\com\fasterxml\jackson\core\jackson-databind\2.11.2\jackson-databind-2.11.2.jar;E:\respository\com\fasterxml\jackson\core\jackson-annotations\2.11.2\jackson-annotations-2.11.2.jar;E:\respository\com\fasterxml\jackson\core\jackson-core\2.11.2\jackson-core-2.11.2.jar;E:\respository\com\fasterxml\jackson\datatype\jackson-datatype-jdk8\2.11.2\jackson-datatype-jdk8-2.11.2.jar;E:\respository\com\fasterxml\jackson\datatype\jackson-datatype-jsr310\2.11.2\jackson-datatype-jsr310-2.11.2.jar;E:\respository\com\fasterxml\jackson\module\jackson-module-parameter-names\2.11.2\jackson-module-parameter-names-2.11.2.jar;E:\respository\org\springframework\boot\spring-boot-starter-tomcat\2.3.4.RELEASE\spring-boot-starter-tomcat-2.3.4.RELEASE.jar;E:\respository\org\apache\tomcat\embed\tomcat-embed-core\9.0.38\tomcat-embed-core-9.0.38.jar;E:\respository\org\glassfish\jakarta.el\3.0.3\jakarta.el-3.0.3.jar;E:\respository\org\apache\tomcat\embed\tomcat-embed-websocket\9.0.38\tomcat-embed-websocket-9.0.38.jar;E:\respository\org\springframework\spring-web\5.2.9.RELEASE\spring-web-5.2.9.RELEASE.jar;E:\respository\org\springframework\spring-webmvc\5.2.9.RELEASE\spring-webmvc-5.2.9.RELEASE.jar;E:\respository\org\springframework\spring-expression\5.2.9.RELEASE\spring-expression-5.2.9.RELEASE.jar;E:\respository\org\springframework\boot\spring-boot-starter-websocket\2.3.4.RELEASE\spring-boot-starter-websocket-2.3.4.RELEASE.jar;E:\respository\org\springframework\spring-websocket\5.2.9.RELEASE\spring-websocket-5.2.9.RELEASE.jar;E:\respository\org\springframework\boot\spring-boot-devtools\2.3.4.RELEASE\spring-boot-devtools-2.3.4.RELEASE.jar;E:\respository\org\springframework\boot\spring-boot\2.3.4.RELEASE\spring-boot-2.3.4.RELEASE.jar;E:\respository\org\springframework\boot\spring-boot-starter-test\2.3.4.RELEASE\spring-boot-starter-test-2.3.4.RELEASE.jar;E:\respository\org\springframework\boot\spring-boot-test\2.3.4.RELEASE\spring-boot-test-2.3.4.RELEASE.jar;E:\respository\org\springframework\boot\spring-boot-test-autoconfigure\2.3.4.RELEASE\spring-boot-test-autoconfigure-2.3.4.RELEASE.jar;E:\respository\com\jayway\jsonpath\json-path\2.4.0\json-path-2.4.0.jar;E:\respository\net\minidev\json-smart\2.3\json-smart-2.3.jar;E:\respository\net\minidev\accessors-smart\1.2\accessors-smart-1.2.jar;E:\respository\org\ow2\asm\asm\5.0.4\asm-5.0.4.jar;E:\respository\jakarta\xml\bind\jakarta.xml.bind-api\2.3.3\jakarta.xml.bind-api-2.3.3.jar;E:\respository\jakarta\activation\jakarta.activation-api\1.2.2\jakarta.activation-api-1.2.2.jar;E:\respository\org\assertj\assertj-core\3.16.1\assertj-core-3.16.1.jar;E:\respository\org\hamcrest\hamcrest\2.2\hamcrest-2.2.jar;E:\respository\org\junit\jupiter\junit-jupiter\5.6.2\junit-jupiter-5.6.2.jar;E:\respository\org\junit\jupiter\junit-jupiter-api\5.6.2\junit-jupiter-api-5.6.2.jar;E:\respository\org\opentest4j\opentest4j\1.2.0\opentest4j-1.2.0.jar;E:\respository\org\junit\platform\junit-platform-commons\1.6.2\junit-platform-commons-1.6.2.jar;E:\respository\org\junit\jupiter\junit-jupiter-params\5.6.2\junit-jupiter-params-5.6.2.jar;E:\respository\org\junit\jupiter\junit-jupiter-engine\5.6.2\junit-jupiter-engine-5.6.2.jar;E:\respository\org\junit\vintage\junit-vintage-engine\5.6.2\junit-vintage-engine-5.6.2.jar;E:\respository\org\apiguardian\apiguardian-api\1.1.0\apiguardian-api-1.1.0.jar;E:\respository\org\junit\platform\junit-platform-engine\1.6.2\junit-platform-engine-1.6.2.jar;E:\respository\junit\junit\4.13\junit-4.13.jar;E:\respository\org\mockito\mockito-core\3.3.3\mockito-core-3.3.3.jar;E:\respository\net\bytebuddy\byte-buddy\1.10.14\byte-buddy-1.10.14.jar;E:\respository\net\bytebuddy\byte-buddy-agent\1.10.14\byte-buddy-agent-1.10.14.jar;E:\respository\org\objenesis\objenesis\2.6\objenesis-2.6.jar;E:\respository\org\mockito\mockito-junit-jupiter\3.3.3\mockito-junit-jupiter-3.3.3.jar;E:\respository\org\skyscreamer\jsonassert\1.5.0\jsonassert-1.5.0.jar;E:\respository\com\vaadin\external\google\android-json\0.0.20131108.vaadin1\android-json-0.0.20131108.vaadin1.jar;E:\respository\org\springframework\spring-core\5.2.9.RELEASE\spring-core-5.2.9.RELEASE.jar;E:\respository\org\springframework\spring-jcl\5.2.9.RELEASE\spring-jcl-5.2.9.RELEASE.jar;E:\respository\org\springframework\spring-test\5.2.9.RELEASE\spring-test-5.2.9.RELEASE.jar;E:\respository\org\xmlunit\xmlunit-core\2.7.0\xmlunit-core-2.7.0.jar;E:\respository\org\springframework\amqp\spring-rabbit-test\2.2.11.RELEASE\spring-rabbit-test-2.2.11.RELEASE.jar;E:\respository\org\hamcrest\hamcrest-core\2.2\hamcrest-core-2.2.jar;E:\respository\org\hamcrest\hamcrest-library\2.2\hamcrest-library-2.2.jar;E:\respository\org\springframework\amqp\spring-rabbit-junit\2.2.11.RELEASE\spring-rabbit-junit-2.2.11.RELEASE.jar;E:\respository\com\rabbitmq\http-client\3.2.0.RELEASE\http-client-3.2.0.RELEASE.jar;E:\respository\com\google\code\gson\gson\2.8.6\gson-2.8.6.jar;"/>
    <property name="java.vm.vendor" value="Oracle Corporation"/>
    <property name="sun.arch.data.model" value="64"/>
    <property name="user.variant" value=""/>
    <property name="java.vendor.url" value="http://java.oracle.com/"/>
    <property name="user.timezone" value="Asia/Shanghai"/>
    <property name="java.vm.specification.version" value="1.8"/>
    <property name="os.name" value="Windows 10"/>
    <property name="user.country" value="CN"/>
    <property name="sun.java.launcher" value="SUN_STANDARD"/>
    <property name="sun.boot.library.path" value="E:\Program Files\Java\jdk1.8.0_181\jre\bin"/>
    <property name="sun.java.command" value="C:\Users\gyf\AppData\Local\Temp\surefire8039898645563495573\surefirebooter14895666527132515.jar C:\Users\gyf\AppData\Local\Temp\surefire8039898645563495573 2021-03-12T17-13-05_400-jvmRun1 surefire693205958455478242tmp surefire_05192111260317742883tmp"/>
    <property name="surefire.test.class.path" value="F:\github\lightningpan\so-order\portal\target\test-classes;F:\github\lightningpan\so-order\portal\target\classes;E:\respository\commons-io\commons-io\2.6\commons-io-2.6.jar;E:\respository\com\alibaba\druid-spring-boot-starter\1.1.17\druid-spring-boot-starter-1.1.17.jar;E:\respository\com\alibaba\druid\1.1.17\druid-1.1.17.jar;E:\respository\org\slf4j\slf4j-api\1.7.30\slf4j-api-1.7.30.jar;E:\respository\org\springframework\boot\spring-boot-autoconfigure\2.3.4.RELEASE\spring-boot-autoconfigure-2.3.4.RELEASE.jar;E:\respository\org\projectlombok\lombok\1.18.12\lombok-1.18.12.jar;E:\respository\org\springframework\boot\spring-boot-starter-amqp\2.3.4.RELEASE\spring-boot-starter-amqp-2.3.4.RELEASE.jar;E:\respository\org\springframework\boot\spring-boot-starter\2.3.4.RELEASE\spring-boot-starter-2.3.4.RELEASE.jar;E:\respository\org\springframework\boot\spring-boot-starter-logging\2.3.4.RELEASE\spring-boot-starter-logging-2.3.4.RELEASE.jar;E:\respository\ch\qos\logback\logback-classic\1.2.3\logback-classic-1.2.3.jar;E:\respository\ch\qos\logback\logback-core\1.2.3\logback-core-1.2.3.jar;E:\respository\org\apache\logging\log4j\log4j-to-slf4j\2.13.3\log4j-to-slf4j-2.13.3.jar;E:\respository\org\apache\logging\log4j\log4j-api\2.13.3\log4j-api-2.13.3.jar;E:\respository\org\slf4j\jul-to-slf4j\1.7.30\jul-to-slf4j-1.7.30.jar;E:\respository\jakarta\annotation\jakarta.annotation-api\1.3.5\jakarta.annotation-api-1.3.5.jar;E:\respository\org\yaml\snakeyaml\1.26\snakeyaml-1.26.jar;E:\respository\org\springframework\spring-messaging\5.2.9.RELEASE\spring-messaging-5.2.9.RELEASE.jar;E:\respository\org\springframework\spring-beans\5.2.9.RELEASE\spring-beans-5.2.9.RELEASE.jar;E:\respository\org\springframework\amqp\spring-rabbit\2.2.11.RELEASE\spring-rabbit-2.2.11.RELEASE.jar;E:\respository\com\rabbitmq\amqp-client\5.9.0\amqp-client-5.9.0.jar;E:\respository\org\springframework\amqp\spring-amqp\2.2.11.RELEASE\spring-amqp-2.2.11.RELEASE.jar;E:\respository\org\springframework\retry\spring-retry\1.2.5.RELEASE\spring-retry-1.2.5.RELEASE.jar;E:\respository\org\springframework\spring-context\5.2.9.RELEASE\spring-context-5.2.9.RELEASE.jar;E:\respository\org\springframework\spring-tx\5.2.9.RELEASE\spring-tx-5.2.9.RELEASE.jar;E:\respository\org\springframework\boot\spring-boot-starter-data-redis\2.3.4.RELEASE\spring-boot-starter-data-redis-2.3.4.RELEASE.jar;E:\respository\org\springframework\data\spring-data-redis\2.3.4.RELEASE\spring-data-redis-2.3.4.RELEASE.jar;E:\respository\org\springframework\data\spring-data-keyvalue\2.3.4.RELEASE\spring-data-keyvalue-2.3.4.RELEASE.jar;E:\respository\org\springframework\data\spring-data-commons\2.3.4.RELEASE\spring-data-commons-2.3.4.RELEASE.jar;E:\respository\org\springframework\spring-oxm\5.2.9.RELEASE\spring-oxm-5.2.9.RELEASE.jar;E:\respository\org\springframework\spring-aop\5.2.9.RELEASE\spring-aop-5.2.9.RELEASE.jar;E:\respository\org\springframework\spring-context-support\5.2.9.RELEASE\spring-context-support-5.2.9.RELEASE.jar;E:\respository\io\lettuce\lettuce-core\5.3.4.RELEASE\lettuce-core-5.3.4.RELEASE.jar;E:\respository\io\netty\netty-common\4.1.52.Final\netty-common-4.1.52.Final.jar;E:\respository\io\netty\netty-handler\4.1.52.Final\netty-handler-4.1.52.Final.jar;E:\respository\io\netty\netty-resolver\4.1.52.Final\netty-resolver-4.1.52.Final.jar;E:\respository\io\netty\netty-buffer\4.1.52.Final\netty-buffer-4.1.52.Final.jar;E:\respository\io\netty\netty-codec\4.1.52.Final\netty-codec-4.1.52.Final.jar;E:\respository\io\netty\netty-transport\4.1.52.Final\netty-transport-4.1.52.Final.jar;E:\respository\io\projectreactor\reactor-core\3.3.10.RELEASE\reactor-core-3.3.10.RELEASE.jar;E:\respository\org\reactivestreams\reactive-streams\1.0.3\reactive-streams-1.0.3.jar;E:\respository\com\baomidou\mybatis-plus-boot-starter\3.4.2\mybatis-plus-boot-starter-3.4.2.jar;E:\respository\com\baomidou\mybatis-plus\3.4.2\mybatis-plus-3.4.2.jar;E:\respository\com\baomidou\mybatis-plus-extension\3.4.2\mybatis-plus-extension-3.4.2.jar;E:\respository\com\baomidou\mybatis-plus-core\3.4.2\mybatis-plus-core-3.4.2.jar;E:\respository\com\baomidou\mybatis-plus-annotation\3.4.2\mybatis-plus-annotation-3.4.2.jar;E:\respository\com\github\jsqlparser\jsqlparser\4.0\jsqlparser-4.0.jar;E:\respository\org\mybatis\mybatis\3.5.6\mybatis-3.5.6.jar;E:\respository\org\mybatis\mybatis-spring\2.0.5\mybatis-spring-2.0.5.jar;E:\respository\org\springframework\boot\spring-boot-starter-jdbc\2.3.4.RELEASE\spring-boot-starter-jdbc-2.3.4.RELEASE.jar;E:\respository\com\zaxxer\HikariCP\3.4.5\HikariCP-3.4.5.jar;E:\respository\org\springframework\spring-jdbc\5.2.9.RELEASE\spring-jdbc-5.2.9.RELEASE.jar;E:\respository\mysql\mysql-connector-java\8.0.21\mysql-connector-java-8.0.21.jar;E:\respository\org\springframework\boot\spring-boot-starter-web\2.3.4.RELEASE\spring-boot-starter-web-2.3.4.RELEASE.jar;E:\respository\org\springframework\boot\spring-boot-starter-json\2.3.4.RELEASE\spring-boot-starter-json-2.3.4.RELEASE.jar;E:\respository\com\fasterxml\jackson\core\jackson-databind\2.11.2\jackson-databind-2.11.2.jar;E:\respository\com\fasterxml\jackson\core\jackson-annotations\2.11.2\jackson-annotations-2.11.2.jar;E:\respository\com\fasterxml\jackson\core\jackson-core\2.11.2\jackson-core-2.11.2.jar;E:\respository\com\fasterxml\jackson\datatype\jackson-datatype-jdk8\2.11.2\jackson-datatype-jdk8-2.11.2.jar;E:\respository\com\fasterxml\jackson\datatype\jackson-datatype-jsr310\2.11.2\jackson-datatype-jsr310-2.11.2.jar;E:\respository\com\fasterxml\jackson\module\jackson-module-parameter-names\2.11.2\jackson-module-parameter-names-2.11.2.jar;E:\respository\org\springframework\boot\spring-boot-starter-tomcat\2.3.4.RELEASE\spring-boot-starter-tomcat-2.3.4.RELEASE.jar;E:\respository\org\apache\tomcat\embed\tomcat-embed-core\9.0.38\tomcat-embed-core-9.0.38.jar;E:\respository\org\glassfish\jakarta.el\3.0.3\jakarta.el-3.0.3.jar;E:\respository\org\apache\tomcat\embed\tomcat-embed-websocket\9.0.38\tomcat-embed-websocket-9.0.38.jar;E:\respository\org\springframework\spring-web\5.2.9.RELEASE\spring-web-5.2.9.RELEASE.jar;E:\respository\org\springframework\spring-webmvc\5.2.9.RELEASE\spring-webmvc-5.2.9.RELEASE.jar;E:\respository\org\springframework\spring-expression\5.2.9.RELEASE\spring-expression-5.2.9.RELEASE.jar;E:\respository\org\springframework\boot\spring-boot-starter-websocket\2.3.4.RELEASE\spring-boot-starter-websocket-2.3.4.RELEASE.jar;E:\respository\org\springframework\spring-websocket\5.2.9.RELEASE\spring-websocket-5.2.9.RELEASE.jar;E:\respository\org\springframework\boot\spring-boot-devtools\2.3.4.RELEASE\spring-boot-devtools-2.3.4.RELEASE.jar;E:\respository\org\springframework\boot\spring-boot\2.3.4.RELEASE\spring-boot-2.3.4.RELEASE.jar;E:\respository\org\springframework\boot\spring-boot-starter-test\2.3.4.RELEASE\spring-boot-starter-test-2.3.4.RELEASE.jar;E:\respository\org\springframework\boot\spring-boot-test\2.3.4.RELEASE\spring-boot-test-2.3.4.RELEASE.jar;E:\respository\org\springframework\boot\spring-boot-test-autoconfigure\2.3.4.RELEASE\spring-boot-test-autoconfigure-2.3.4.RELEASE.jar;E:\respository\com\jayway\jsonpath\json-path\2.4.0\json-path-2.4.0.jar;E:\respository\net\minidev\json-smart\2.3\json-smart-2.3.jar;E:\respository\net\minidev\accessors-smart\1.2\accessors-smart-1.2.jar;E:\respository\org\ow2\asm\asm\5.0.4\asm-5.0.4.jar;E:\respository\jakarta\xml\bind\jakarta.xml.bind-api\2.3.3\jakarta.xml.bind-api-2.3.3.jar;E:\respository\jakarta\activation\jakarta.activation-api\1.2.2\jakarta.activation-api-1.2.2.jar;E:\respository\org\assertj\assertj-core\3.16.1\assertj-core-3.16.1.jar;E:\respository\org\hamcrest\hamcrest\2.2\hamcrest-2.2.jar;E:\respository\org\junit\jupiter\junit-jupiter\5.6.2\junit-jupiter-5.6.2.jar;E:\respository\org\junit\jupiter\junit-jupiter-api\5.6.2\junit-jupiter-api-5.6.2.jar;E:\respository\org\opentest4j\opentest4j\1.2.0\opentest4j-1.2.0.jar;E:\respository\org\junit\platform\junit-platform-commons\1.6.2\junit-platform-commons-1.6.2.jar;E:\respository\org\junit\jupiter\junit-jupiter-params\5.6.2\junit-jupiter-params-5.6.2.jar;E:\respository\org\junit\jupiter\junit-jupiter-engine\5.6.2\junit-jupiter-engine-5.6.2.jar;E:\respository\org\junit\vintage\junit-vintage-engine\5.6.2\junit-vintage-engine-5.6.2.jar;E:\respository\org\apiguardian\apiguardian-api\1.1.0\apiguardian-api-1.1.0.jar;E:\respository\org\junit\platform\junit-platform-engine\1.6.2\junit-platform-engine-1.6.2.jar;E:\respository\junit\junit\4.13\junit-4.13.jar;E:\respository\org\mockito\mockito-core\3.3.3\mockito-core-3.3.3.jar;E:\respository\net\bytebuddy\byte-buddy\1.10.14\byte-buddy-1.10.14.jar;E:\respository\net\bytebuddy\byte-buddy-agent\1.10.14\byte-buddy-agent-1.10.14.jar;E:\respository\org\objenesis\objenesis\2.6\objenesis-2.6.jar;E:\respository\org\mockito\mockito-junit-jupiter\3.3.3\mockito-junit-jupiter-3.3.3.jar;E:\respository\org\skyscreamer\jsonassert\1.5.0\jsonassert-1.5.0.jar;E:\respository\com\vaadin\external\google\android-json\0.0.20131108.vaadin1\android-json-0.0.20131108.vaadin1.jar;E:\respository\org\springframework\spring-core\5.2.9.RELEASE\spring-core-5.2.9.RELEASE.jar;E:\respository\org\springframework\spring-jcl\5.2.9.RELEASE\spring-jcl-5.2.9.RELEASE.jar;E:\respository\org\springframework\spring-test\5.2.9.RELEASE\spring-test-5.2.9.RELEASE.jar;E:\respository\org\xmlunit\xmlunit-core\2.7.0\xmlunit-core-2.7.0.jar;E:\respository\org\springframework\amqp\spring-rabbit-test\2.2.11.RELEASE\spring-rabbit-test-2.2.11.RELEASE.jar;E:\respository\org\hamcrest\hamcrest-core\2.2\hamcrest-core-2.2.jar;E:\respository\org\hamcrest\hamcrest-library\2.2\hamcrest-library-2.2.jar;E:\respository\org\springframework\amqp\spring-rabbit-junit\2.2.11.RELEASE\spring-rabbit-junit-2.2.11.RELEASE.jar;E:\respository\com\rabbitmq\http-client\3.2.0.RELEASE\http-client-3.2.0.RELEASE.jar;E:\respository\com\google\code\gson\gson\2.8.6\gson-2.8.6.jar;"/>
    <property name="sun.cpu.endian" value="little"/>
    <property name="user.home" value="C:\Users\gyf"/>
    <property name="user.language" value="zh"/>
    <property name="java.specification.vendor" value="Oracle Corporation"/>
    <property name="java.home" value="E:\Program Files\Java\jdk1.8.0_181\jre"/>
    <property name="basedir" value="F:\github\lightningpan\so-order\portal"/>
    <property name="file.separator" value="\"/>
    <property name="line.separator" value="&#10;"/>
    <property name="java.vm.specification.vendor" value="Oracle Corporation"/>
    <property name="java.specification.name" value="Java Platform API Specification"/>
    <property name="java.awt.graphicsenv" value="sun.awt.Win32GraphicsEnvironment"/>
    <property name="surefire.real.class.path" value="C:\Users\gyf\AppData\Local\Temp\surefire8039898645563495573\surefirebooter14895666527132515.jar"/>
    <property name="sun.boot.class.path" value="E:\Program Files\Java\jdk1.8.0_181\jre\lib\resources.jar;E:\Program Files\Java\jdk1.8.0_181\jre\lib\rt.jar;E:\Program Files\Java\jdk1.8.0_181\jre\lib\sunrsasign.jar;E:\Program Files\Java\jdk1.8.0_181\jre\lib\jsse.jar;E:\Program Files\Java\jdk1.8.0_181\jre\lib\jce.jar;E:\Program Files\Java\jdk1.8.0_181\jre\lib\charsets.jar;E:\Program Files\Java\jdk1.8.0_181\jre\lib\jfr.jar;E:\Program Files\Java\jdk1.8.0_181\jre\classes"/>
    <property name="user.script" value=""/>
    <property name="sun.management.compiler" value="HotSpot 64-Bit Tiered Compilers"/>
    <property name="java.runtime.version" value="1.8.0_181-b13"/>
    <property name="user.name" value="gyf"/>
    <property name="path.separator" value=";"/>
    <property name="os.version" value="10.0"/>
    <property name="java.endorsed.dirs" value="E:\Program Files\Java\jdk1.8.0_181\jre\lib\endorsed"/>
    <property name="java.runtime.name" value="Java(TM) SE Runtime Environment"/>
    <property name="file.encoding" value="GBK"/>
    <property name="java.vm.name" value="Java HotSpot(TM) 64-Bit Server VM"/>
    <property name="localRepository" value="E:\respository"/>
    <property name="java.vendor.url.bug" value="http://bugreport.sun.com/bugreport/"/>
    <property name="java.io.tmpdir" value="C:\Users\gyf\AppData\Local\Temp\"/>
    <property name="idea.version" value="2020.3"/>
    <property name="java.version" value="1.8.0_181"/>
    <property name="user.dir" value="F:\github\lightningpan\so-order\portal"/>
    <property name="os.arch" value="amd64"/>
    <property name="java.vm.specification.name" value="Java Virtual Machine Specification"/>
    <property name="java.awt.printerjob" value="sun.awt.windows.WPrinterJob"/>
    <property name="sun.os.patch.level" value=""/>
    <property name="java.library.path" value="E:\Program Files\Java\jdk1.8.0_181\jre\bin;C:\WINDOWS\Sun\Java\bin;C:\WINDOWS\system32;C:\WINDOWS;e:\app\gyf\product\11.2.0\dbhome_1\bin;I:\xunlei\WINDOWS.X64_193000_db_home\bin;G:\Program Files (x86)\NetSarang\Xftp 6\;E:\Program Files (x86)\NetSarang\Xshell 6\;C:\Program Files (x86)\Intel\iCLS Client\;C:\Program Files\Intel\iCLS Client\;C:\WINDOWS\system32;C:\WINDOWS;C:\WINDOWS\System32\Wbem;C:\WINDOWS\System32\WindowsPowerShell\v1.0\;C:\Program Files (x86)\Intel\Intel(R) Management Engine Components\DAL;C:\Program Files\Intel\Intel(R) Management Engine Components\DAL;C:\Program Files (x86)\Intel\Intel(R) Management Engine Components\IPT;C:\Program Files\Intel\Intel(R) Management Engine Components\IPT;C:\WINDOWS\System32\OpenSSH\;C:\Program Files (x86)\NVIDIA Corporation\PhysX\Common;E:\Program Files\Java\jdk1.8.0_181\bin;E:\Program Files\MySQL\mysql-8.0.17-winx64\bin;E:\Users\gyf\apache-tomcat-9.0.24-windows-x64\apache-tomcat-9.0.24\bin;E:\Program Files\Java\jdk1.8.0_181\jre\bin;C:\Program Files\NVIDIA Corporation\NVIDIA NvDLISR;E:\apache-maven-3.6.3\bin;C:\WINDOWS\system32;C:\WINDOWS;C:\WINDOWS\System32\Wbem;C:\WINDOWS\System32\WindowsPowerShell\v1.0\;C:\WINDOWS\System32\OpenSSH\;E:\Program Files\TortoiseSVN\bin;e:\Program Files\Git\cmd;C:\Program Files (x86)\Common Files\Oracle\Java\javapath;C:\Program Files (x86)\Intel\iCLS Client\;C:\Program Files\Intel\iCLS Client\;C:\WINDOWS\system32;C:\WINDOWS;C:\WINDOWS\System32\Wbem;C:\WINDOWS\System32\WindowsPowerShell\v1.0\;e:\Program Files\Git\cmd;C:\Program Files (x86)\Intel\Intel(R) Management Engine Components\DAL;C:\Program Files\Intel\Intel(R) Management Engine Components\DAL;C:\Program Files (x86)\Intel\Intel(R) Management Engine Components\IPT;C:\Program Files\Intel\Intel(R) Management Engine Components\IPT;C:\WINDOWS\System32\OpenSSH\;C:\Program Files (x86)\NVIDIA Corporation\PhysX\Common;C:\Program Files\dotnet\;;C:\Users\gyf\AppData\Local\Microsoft\WindowsApps;C:\Program Files\JetBrains\IntelliJ IDEA 2020.3\bin;;."/>
    <property name="java.vm.info" value="mixed mode"/>
    <property name="java.vendor" value="Oracle Corporation"/>
    <property name="java.vm.version" value="25.181-b13"/>
    <property name="java.ext.dirs" value="E:\Program Files\Java\jdk1.8.0_181\jre\lib\ext;C:\WINDOWS\Sun\Java\lib\ext"/>
    <property name="sun.io.unicode.encoding" value="UnicodeLittle"/>
    <property name="java.class.version" value="52.0"/>
  </properties>
  <testcase name="contextLoads" classname="com.lightning.portal.PortalApplicationTests" time="0.226"/>
</testsuite>